<?xml version="1.0" encoding="UTF-8"?>
<testsuite xmlns:xsi="http://www.w3.org/2001/XMLSchema-instance" xsi:noNamespaceSchemaLocation="https://maven.apache.org/surefire/maven-surefire-plugin/xsd/surefire-test-report.xsd" name="com.ershov.telegram.aliexpressbot.AliexpressbotApplicationTests" time="12.066" tests="1" errors="0" skipped="0" failures="0">
  <properties>
    <property name="sun.desktop" value="windows"/>
    <property name="awt.toolkit" value="sun.awt.windows.WToolkit"/>
    <property name="file.encoding.pkg" value="sun.io"/>
    <property name="java.specification.version" value="1.8"/>
    <property name="sun.cpu.isalist" value="amd64"/>
    <property name="sun.jnu.encoding" value="Cp1251"/>
    <property name="java.class.path" value="C:\Java\dev\projects\getjavajob\aliexpressbot\target\test-classes;C:\Java\dev\projects\getjavajob\aliexpressbot\target\classes;c:\Java\LocalRepo\org\springframework\boot\spring-boot-starter-jersey\2.1.1.RELEASE\spring-boot-starter-jersey-2.1.1.RELEASE.jar;c:\Java\LocalRepo\org\springframework\boot\spring-boot-starter-json\2.1.1.RELEASE\spring-boot-starter-json-2.1.1.RELEASE.jar;c:\Java\LocalRepo\com\fasterxml\jackson\datatype\jackson-datatype-jdk8\2.9.7\jackson-datatype-jdk8-2.9.7.jar;c:\Java\LocalRepo\com\fasterxml\jackson\datatype\jackson-datatype-jsr310\2.9.7\jackson-datatype-jsr310-2.9.7.jar;c:\Java\LocalRepo\com\fasterxml\jackson\module\jackson-module-parameter-names\2.9.7\jackson-module-parameter-names-2.9.7.jar;c:\Java\LocalRepo\org\springframework\boot\spring-boot-starter-tomcat\2.1.1.RELEASE\spring-boot-starter-tomcat-2.1.1.RELEASE.jar;c:\Java\LocalRepo\javax\annotation\javax.annotation-api\1.3.2\javax.annotation-api-1.3.2.jar;c:\Java\LocalRepo\org\apache\tomcat\embed\tomcat-embed-core\9.0.13\tomcat-embed-core-9.0.13.jar;c:\Java\LocalRepo\org\apache\tomcat\embed\tomcat-embed-el\9.0.13\tomcat-embed-el-9.0.13.jar;c:\Java\LocalRepo\org\apache\tomcat\embed\tomcat-embed-websocket\9.0.13\tomcat-embed-websocket-9.0.13.jar;c:\Java\LocalRepo\org\springframework\boot\spring-boot-starter-validation\2.1.1.RELEASE\spring-boot-starter-validation-2.1.1.RELEASE.jar;c:\Java\LocalRepo\org\springframework\spring-web\5.1.3.RELEASE\spring-web-5.1.3.RELEASE.jar;c:\Java\LocalRepo\org\springframework\spring-beans\5.1.3.RELEASE\spring-beans-5.1.3.RELEASE.jar;c:\Java\LocalRepo\org\glassfish\jersey\core\jersey-server\2.27\jersey-server-2.27.jar;c:\Java\LocalRepo\org\glassfish\jersey\core\jersey-common\2.27\jersey-common-2.27.jar;c:\Java\LocalRepo\org\glassfish\hk2\osgi-resource-locator\1.0.1\osgi-resource-locator-1.0.1.jar;c:\Java\LocalRepo\org\glassfish\jersey\core\jersey-client\2.27\jersey-client-2.27.jar;c:\Java\LocalRepo\javax\ws\rs\javax.ws.rs-api\2.1\javax.ws.rs-api-2.1.jar;c:\Java\LocalRepo\org\glassfish\jersey\media\jersey-media-jaxb\2.27\jersey-media-jaxb-2.27.jar;c:\Java\LocalRepo\javax\validation\validation-api\2.0.1.Final\validation-api-2.0.1.Final.jar;c:\Java\LocalRepo\org\glassfish\jersey\containers\jersey-container-servlet-core\2.27\jersey-container-servlet-core-2.27.jar;c:\Java\LocalRepo\org\glassfish\jersey\containers\jersey-container-servlet\2.27\jersey-container-servlet-2.27.jar;c:\Java\LocalRepo\org\glassfish\jersey\ext\jersey-bean-validation\2.27\jersey-bean-validation-2.27.jar;c:\Java\LocalRepo\org\glassfish\jersey\ext\jersey-spring4\2.27\jersey-spring4-2.27.jar;c:\Java\LocalRepo\org\glassfish\jersey\inject\jersey-hk2\2.27\jersey-hk2-2.27.jar;c:\Java\LocalRepo\org\glassfish\hk2\hk2-locator\2.5.0-b42\hk2-locator-2.5.0-b42.jar;c:\Java\LocalRepo\org\glassfish\hk2\external\aopalliance-repackaged\2.5.0-b42\aopalliance-repackaged-2.5.0-b42.jar;c:\Java\LocalRepo\org\javassist\javassist\3.22.0-CR2\javassist-3.22.0-CR2.jar;c:\Java\LocalRepo\org\glassfish\hk2\hk2\2.5.0-b42\hk2-2.5.0-b42.jar;c:\Java\LocalRepo\org\glassfish\hk2\hk2-utils\2.5.0-b42\hk2-utils-2.5.0-b42.jar;c:\Java\LocalRepo\org\glassfish\hk2\hk2-api\2.5.0-b42\hk2-api-2.5.0-b42.jar;c:\Java\LocalRepo\org\glassfish\hk2\config-types\2.5.0-b42\config-types-2.5.0-b42.jar;c:\Java\LocalRepo\org\glassfish\hk2\hk2-core\2.5.0-b42\hk2-core-2.5.0-b42.jar;c:\Java\LocalRepo\org\glassfish\hk2\hk2-config\2.5.0-b42\hk2-config-2.5.0-b42.jar;c:\Java\LocalRepo\org\glassfish\hk2\hk2-runlevel\2.5.0-b42\hk2-runlevel-2.5.0-b42.jar;c:\Java\LocalRepo\org\glassfish\hk2\class-model\2.5.0-b42\class-model-2.5.0-b42.jar;c:\Java\LocalRepo\org\glassfish\hk2\external\asm-all-repackaged\2.5.0-b42\asm-all-repackaged-2.5.0-b42.jar;c:\Java\LocalRepo\org\glassfish\hk2\spring-bridge\2.5.0-b42\spring-bridge-2.5.0-b42.jar;c:\Java\LocalRepo\org\springframework\spring-aop\5.1.3.RELEASE\spring-aop-5.1.3.RELEASE.jar;c:\Java\LocalRepo\org\glassfish\jersey\media\jersey-media-json-jackson\2.27\jersey-media-json-jackson-2.27.jar;c:\Java\LocalRepo\org\glassfish\jersey\ext\jersey-entity-filtering\2.27\jersey-entity-filtering-2.27.jar;c:\Java\LocalRepo\com\fasterxml\jackson\module\jackson-module-jaxb-annotations\2.9.7\jackson-module-jaxb-annotations-2.9.7.jar;c:\Java\LocalRepo\org\springframework\boot\spring-boot-starter-web\2.1.1.RELEASE\spring-boot-starter-web-2.1.1.RELEASE.jar;c:\Java\LocalRepo\org\springframework\boot\spring-boot-starter\2.1.1.RELEASE\spring-boot-starter-2.1.1.RELEASE.jar;c:\Java\LocalRepo\org\springframework\boot\spring-boot\2.1.1.RELEASE\spring-boot-2.1.1.RELEASE.jar;c:\Java\LocalRepo\org\springframework\boot\spring-boot-autoconfigure\2.1.1.RELEASE\spring-boot-autoconfigure-2.1.1.RELEASE.jar;c:\Java\LocalRepo\org\springframework\boot\spring-boot-starter-logging\2.1.1.RELEASE\spring-boot-starter-logging-2.1.1.RELEASE.jar;c:\Java\LocalRepo\ch\qos\logback\logback-classic\1.2.3\logback-classic-1.2.3.jar;c:\Java\LocalRepo\ch\qos\logback\logback-core\1.2.3\logback-core-1.2.3.jar;c:\Java\LocalRepo\org\apache\logging\log4j\log4j-to-slf4j\2.11.1\log4j-to-slf4j-2.11.1.jar;c:\Java\LocalRepo\org\apache\logging\log4j\log4j-api\2.11.1\log4j-api-2.11.1.jar;c:\Java\LocalRepo\org\slf4j\jul-to-slf4j\1.7.25\jul-to-slf4j-1.7.25.jar;c:\Java\LocalRepo\org\yaml\snakeyaml\1.23\snakeyaml-1.23.jar;c:\Java\LocalRepo\org\hibernate\validator\hibernate-validator\6.0.13.Final\hibernate-validator-6.0.13.Final.jar;c:\Java\LocalRepo\org\jboss\logging\jboss-logging\3.3.2.Final\jboss-logging-3.3.2.Final.jar;c:\Java\LocalRepo\com\fasterxml\classmate\1.4.0\classmate-1.4.0.jar;c:\Java\LocalRepo\org\springframework\spring-webmvc\5.1.3.RELEASE\spring-webmvc-5.1.3.RELEASE.jar;c:\Java\LocalRepo\org\springframework\spring-context\5.1.3.RELEASE\spring-context-5.1.3.RELEASE.jar;c:\Java\LocalRepo\org\springframework\spring-expression\5.1.3.RELEASE\spring-expression-5.1.3.RELEASE.jar;c:\Java\LocalRepo\org\springframework\boot\spring-boot-starter-test\2.1.1.RELEASE\spring-boot-starter-test-2.1.1.RELEASE.jar;c:\Java\LocalRepo\org\springframework\boot\spring-boot-test\2.1.1.RELEASE\spring-boot-test-2.1.1.RELEASE.jar;c:\Java\LocalRepo\org\springframework\boot\spring-boot-test-autoconfigure\2.1.1.RELEASE\spring-boot-test-autoconfigure-2.1.1.RELEASE.jar;c:\Java\LocalRepo\com\jayway\jsonpath\json-path\2.4.0\json-path-2.4.0.jar;c:\Java\LocalRepo\net\minidev\json-smart\2.3\json-smart-2.3.jar;c:\Java\LocalRepo\net\minidev\accessors-smart\1.2\accessors-smart-1.2.jar;c:\Java\LocalRepo\org\ow2\asm\asm\5.0.4\asm-5.0.4.jar;c:\Java\LocalRepo\org\slf4j\slf4j-api\1.7.25\slf4j-api-1.7.25.jar;c:\Java\LocalRepo\junit\junit\4.12\junit-4.12.jar;c:\Java\LocalRepo\org\assertj\assertj-core\3.11.1\assertj-core-3.11.1.jar;c:\Java\LocalRepo\org\mockito\mockito-core\2.23.4\mockito-core-2.23.4.jar;c:\Java\LocalRepo\net\bytebuddy\byte-buddy\1.9.5\byte-buddy-1.9.5.jar;c:\Java\LocalRepo\net\bytebuddy\byte-buddy-agent\1.9.5\byte-buddy-agent-1.9.5.jar;c:\Java\LocalRepo\org\objenesis\objenesis\2.6\objenesis-2.6.jar;c:\Java\LocalRepo\org\hamcrest\hamcrest-core\1.3\hamcrest-core-1.3.jar;c:\Java\LocalRepo\org\hamcrest\hamcrest-library\1.3\hamcrest-library-1.3.jar;c:\Java\LocalRepo\org\skyscreamer\jsonassert\1.5.0\jsonassert-1.5.0.jar;c:\Java\LocalRepo\com\vaadin\external\google\android-json\0.0.20131108.vaadin1\android-json-0.0.20131108.vaadin1.jar;c:\Java\LocalRepo\org\springframework\spring-core\5.1.3.RELEASE\spring-core-5.1.3.RELEASE.jar;c:\Java\LocalRepo\org\springframework\spring-jcl\5.1.3.RELEASE\spring-jcl-5.1.3.RELEASE.jar;c:\Java\LocalRepo\org\springframework\spring-test\5.1.3.RELEASE\spring-test-5.1.3.RELEASE.jar;c:\Java\LocalRepo\org\xmlunit\xmlunit-core\2.6.2\xmlunit-core-2.6.2.jar;c:\Java\LocalRepo\org\telegram\telegrambots\4.1\telegrambots-4.1.jar;c:\Java\LocalRepo\org\telegram\telegrambots-meta\4.1\telegrambots-meta-4.1.jar;c:\Java\LocalRepo\com\google\inject\guice\4.1.0\guice-4.1.0.jar;c:\Java\LocalRepo\javax\inject\javax.inject\1\javax.inject-1.jar;c:\Java\LocalRepo\aopalliance\aopalliance\1.0\aopalliance-1.0.jar;c:\Java\LocalRepo\com\google\guava\guava\19.0\guava-19.0.jar;c:\Java\LocalRepo\com\fasterxml\jackson\core\jackson-annotations\2.9.0\jackson-annotations-2.9.0.jar;c:\Java\LocalRepo\com\fasterxml\jackson\jaxrs\jackson-jaxrs-json-provider\2.9.7\jackson-jaxrs-json-provider-2.9.7.jar;c:\Java\LocalRepo\com\fasterxml\jackson\jaxrs\jackson-jaxrs-base\2.9.7\jackson-jaxrs-base-2.9.7.jar;c:\Java\LocalRepo\com\fasterxml\jackson\core\jackson-databind\2.9.7\jackson-databind-2.9.7.jar;c:\Java\LocalRepo\com\fasterxml\jackson\core\jackson-core\2.9.7\jackson-core-2.9.7.jar;c:\Java\LocalRepo\org\glassfish\jersey\containers\jersey-container-grizzly2-http\2.27\jersey-container-grizzly2-http-2.27.jar;c:\Java\LocalRepo\org\glassfish\hk2\external\javax.inject\2.5.0-b42\javax.inject-2.5.0-b42.jar;c:\Java\LocalRepo\org\glassfish\grizzly\grizzly-http-server\2.4.0\grizzly-http-server-2.4.0.jar;c:\Java\LocalRepo\org\glassfish\grizzly\grizzly-http\2.4.0\grizzly-http-2.4.0.jar;c:\Java\LocalRepo\org\glassfish\grizzly\grizzly-framework\2.4.0\grizzly-framework-2.4.0.jar;c:\Java\LocalRepo\org\json\json\20160810\json-20160810.jar;c:\Java\LocalRepo\org\apache\httpcomponents\httpclient\4.5.6\httpclient-4.5.6.jar;c:\Java\LocalRepo\org\apache\httpcomponents\httpcore\4.4.10\httpcore-4.4.10.jar;c:\Java\LocalRepo\commons-codec\commons-codec\1.11\commons-codec-1.11.jar;c:\Java\LocalRepo\org\apache\httpcomponents\httpmime\4.5.6\httpmime-4.5.6.jar;c:\Java\LocalRepo\commons-io\commons-io\2.5\commons-io-2.5.jar;c:\Java\LocalRepo\com\google\code\gson\gson\2.8.5\gson-2.8.5.jar;"/>
    <property name="java.vm.vendor" value="Oracle Corporation"/>
    <property name="sun.arch.data.model" value="64"/>
    <property name="user.variant" value=""/>
    <property name="java.vendor.url" value="http://java.oracle.com/"/>
    <property name="user.timezone" value="Asia/Novosibirsk"/>
    <property name="java.vm.specification.version" value="1.8"/>
    <property name="os.name" value="Windows 10"/>
    <property name="user.country" value="RU"/>
    <property name="sun.java.launcher" value="SUN_STANDARD"/>
    <property name="sun.boot.library.path" value="C:\Program Files\Java\jdk1.8.0_171\jre\bin"/>
    <property name="sun.java.command" value="C:\Users\alexe\AppData\Local\Temp\surefire4794992802928880108\surefirebooter2719141284845264320.jar C:\Users\alexe\AppData\Local\Temp\surefire4794992802928880108 2018-12-22T03-12-31_518-jvmRun1 surefire839683628282466685tmp surefire_06824659075042458811tmp"/>
    <property name="surefire.test.class.path" value="C:\Java\dev\projects\getjavajob\aliexpressbot\target\test-classes;C:\Java\dev\projects\getjavajob\aliexpressbot\target\classes;c:\Java\LocalRepo\org\springframework\boot\spring-boot-starter-jersey\2.1.1.RELEASE\spring-boot-starter-jersey-2.1.1.RELEASE.jar;c:\Java\LocalRepo\org\springframework\boot\spring-boot-starter-json\2.1.1.RELEASE\spring-boot-starter-json-2.1.1.RELEASE.jar;c:\Java\LocalRepo\com\fasterxml\jackson\datatype\jackson-datatype-jdk8\2.9.7\jackson-datatype-jdk8-2.9.7.jar;c:\Java\LocalRepo\com\fasterxml\jackson\datatype\jackson-datatype-jsr310\2.9.7\jackson-datatype-jsr310-2.9.7.jar;c:\Java\LocalRepo\com\fasterxml\jackson\module\jackson-module-parameter-names\2.9.7\jackson-module-parameter-names-2.9.7.jar;c:\Java\LocalRepo\org\springframework\boot\spring-boot-starter-tomcat\2.1.1.RELEASE\spring-boot-starter-tomcat-2.1.1.RELEASE.jar;c:\Java\LocalRepo\javax\annotation\javax.annotation-api\1.3.2\javax.annotation-api-1.3.2.jar;c:\Java\LocalRepo\org\apache\tomcat\embed\tomcat-embed-core\9.0.13\tomcat-embed-core-9.0.13.jar;c:\Java\LocalRepo\org\apache\tomcat\embed\tomcat-embed-el\9.0.13\tomcat-embed-el-9.0.13.jar;c:\Java\LocalRepo\org\apache\tomcat\embed\tomcat-embed-websocket\9.0.13\tomcat-embed-websocket-9.0.13.jar;c:\Java\LocalRepo\org\springframework\boot\spring-boot-starter-validation\2.1.1.RELEASE\spring-boot-starter-validation-2.1.1.RELEASE.jar;c:\Java\LocalRepo\org\springframework\spring-web\5.1.3.RELEASE\spring-web-5.1.3.RELEASE.jar;c:\Java\LocalRepo\org\springframework\spring-beans\5.1.3.RELEASE\spring-beans-5.1.3.RELEASE.jar;c:\Java\LocalRepo\org\glassfish\jersey\core\jersey-server\2.27\jersey-server-2.27.jar;c:\Java\LocalRepo\org\glassfish\jersey\core\jersey-common\2.27\jersey-common-2.27.jar;c:\Java\LocalRepo\org\glassfish\hk2\osgi-resource-locator\1.0.1\osgi-resource-locator-1.0.1.jar;c:\Java\LocalRepo\org\glassfish\jersey\core\jersey-client\2.27\jersey-client-2.27.jar;c:\Java\LocalRepo\javax\ws\rs\javax.ws.rs-api\2.1\javax.ws.rs-api-2.1.jar;c:\Java\LocalRepo\org\glassfish\jersey\media\jersey-media-jaxb\2.27\jersey-media-jaxb-2.27.jar;c:\Java\LocalRepo\javax\validation\validation-api\2.0.1.Final\validation-api-2.0.1.Final.jar;c:\Java\LocalRepo\org\glassfish\jersey\containers\jersey-container-servlet-core\2.27\jersey-container-servlet-core-2.27.jar;c:\Java\LocalRepo\org\glassfish\jersey\containers\jersey-container-servlet\2.27\jersey-container-servlet-2.27.jar;c:\Java\LocalRepo\org\glassfish\jersey\ext\jersey-bean-validation\2.27\jersey-bean-validation-2.27.jar;c:\Java\LocalRepo\org\glassfish\jersey\ext\jersey-spring4\2.27\jersey-spring4-2.27.jar;c:\Java\LocalRepo\org\glassfish\jersey\inject\jersey-hk2\2.27\jersey-hk2-2.27.jar;c:\Java\LocalRepo\org\glassfish\hk2\hk2-locator\2.5.0-b42\hk2-locator-2.5.0-b42.jar;c:\Java\LocalRepo\org\glassfish\hk2\external\aopalliance-repackaged\2.5.0-b42\aopalliance-repackaged-2.5.0-b42.jar;c:\Java\LocalRepo\org\javassist\javassist\3.22.0-CR2\javassist-3.22.0-CR2.jar;c:\Java\LocalRepo\org\glassfish\hk2\hk2\2.5.0-b42\hk2-2.5.0-b42.jar;c:\Java\LocalRepo\org\glassfish\hk2\hk2-utils\2.5.0-b42\hk2-utils-2.5.0-b42.jar;c:\Java\LocalRepo\org\glassfish\hk2\hk2-api\2.5.0-b42\hk2-api-2.5.0-b42.jar;c:\Java\LocalRepo\org\glassfish\hk2\config-types\2.5.0-b42\config-types-2.5.0-b42.jar;c:\Java\LocalRepo\org\glassfish\hk2\hk2-core\2.5.0-b42\hk2-core-2.5.0-b42.jar;c:\Java\LocalRepo\org\glassfish\hk2\hk2-config\2.5.0-b42\hk2-config-2.5.0-b42.jar;c:\Java\LocalRepo\org\glassfish\hk2\hk2-runlevel\2.5.0-b42\hk2-runlevel-2.5.0-b42.jar;c:\Java\LocalRepo\org\glassfish\hk2\class-model\2.5.0-b42\class-model-2.5.0-b42.jar;c:\Java\LocalRepo\org\glassfish\hk2\external\asm-all-repackaged\2.5.0-b42\asm-all-repackaged-2.5.0-b42.jar;c:\Java\LocalRepo\org\glassfish\hk2\spring-bridge\2.5.0-b42\spring-bridge-2.5.0-b42.jar;c:\Java\LocalRepo\org\springframework\spring-aop\5.1.3.RELEASE\spring-aop-5.1.3.RELEASE.jar;c:\Java\LocalRepo\org\glassfish\jersey\media\jersey-media-json-jackson\2.27\jersey-media-json-jackson-2.27.jar;c:\Java\LocalRepo\org\glassfish\jersey\ext\jersey-entity-filtering\2.27\jersey-entity-filtering-2.27.jar;c:\Java\LocalRepo\com\fasterxml\jackson\module\jackson-module-jaxb-annotations\2.9.7\jackson-module-jaxb-annotations-2.9.7.jar;c:\Java\LocalRepo\org\springframework\boot\spring-boot-starter-web\2.1.1.RELEASE\spring-boot-starter-web-2.1.1.RELEASE.jar;c:\Java\LocalRepo\org\springframework\boot\spring-boot-starter\2.1.1.RELEASE\spring-boot-starter-2.1.1.RELEASE.jar;c:\Java\LocalRepo\org\springframework\boot\spring-boot\2.1.1.RELEASE\spring-boot-2.1.1.RELEASE.jar;c:\Java\LocalRepo\org\springframework\boot\spring-boot-autoconfigure\2.1.1.RELEASE\spring-boot-autoconfigure-2.1.1.RELEASE.jar;c:\Java\LocalRepo\org\springframework\boot\spring-boot-starter-logging\2.1.1.RELEASE\spring-boot-starter-logging-2.1.1.RELEASE.jar;c:\Java\LocalRepo\ch\qos\logback\logback-classic\1.2.3\logback-classic-1.2.3.jar;c:\Java\LocalRepo\ch\qos\logback\logback-core\1.2.3\logback-core-1.2.3.jar;c:\Java\LocalRepo\org\apache\logging\log4j\log4j-to-slf4j\2.11.1\log4j-to-slf4j-2.11.1.jar;c:\Java\LocalRepo\org\apache\logging\log4j\log4j-api\2.11.1\log4j-api-2.11.1.jar;c:\Java\LocalRepo\org\slf4j\jul-to-slf4j\1.7.25\jul-to-slf4j-1.7.25.jar;c:\Java\LocalRepo\org\yaml\snakeyaml\1.23\snakeyaml-1.23.jar;c:\Java\LocalRepo\org\hibernate\validator\hibernate-validator\6.0.13.Final\hibernate-validator-6.0.13.Final.jar;c:\Java\LocalRepo\org\jboss\logging\jboss-logging\3.3.2.Final\jboss-logging-3.3.2.Final.jar;c:\Java\LocalRepo\com\fasterxml\classmate\1.4.0\classmate-1.4.0.jar;c:\Java\LocalRepo\org\springframework\spring-webmvc\5.1.3.RELEASE\spring-webmvc-5.1.3.RELEASE.jar;c:\Java\LocalRepo\org\springframework\spring-context\5.1.3.RELEASE\spring-context-5.1.3.RELEASE.jar;c:\Java\LocalRepo\org\springframework\spring-expression\5.1.3.RELEASE\spring-expression-5.1.3.RELEASE.jar;c:\Java\LocalRepo\org\springframework\boot\spring-boot-starter-test\2.1.1.RELEASE\spring-boot-starter-test-2.1.1.RELEASE.jar;c:\Java\LocalRepo\org\springframework\boot\spring-boot-test\2.1.1.RELEASE\spring-boot-test-2.1.1.RELEASE.jar;c:\Java\LocalRepo\org\springframework\boot\spring-boot-test-autoconfigure\2.1.1.RELEASE\spring-boot-test-autoconfigure-2.1.1.RELEASE.jar;c:\Java\LocalRepo\com\jayway\jsonpath\json-path\2.4.0\json-path-2.4.0.jar;c:\Java\LocalRepo\net\minidev\json-smart\2.3\json-smart-2.3.jar;c:\Java\LocalRepo\net\minidev\accessors-smart\1.2\accessors-smart-1.2.jar;c:\Java\LocalRepo\org\ow2\asm\asm\5.0.4\asm-5.0.4.jar;c:\Java\LocalRepo\org\slf4j\slf4j-api\1.7.25\slf4j-api-1.7.25.jar;c:\Java\LocalRepo\junit\junit\4.12\junit-4.12.jar;c:\Java\LocalRepo\org\assertj\assertj-core\3.11.1\assertj-core-3.11.1.jar;c:\Java\LocalRepo\org\mockito\mockito-core\2.23.4\mockito-core-2.23.4.jar;c:\Java\LocalRepo\net\bytebuddy\byte-buddy\1.9.5\byte-buddy-1.9.5.jar;c:\Java\LocalRepo\net\bytebuddy\byte-buddy-agent\1.9.5\byte-buddy-agent-1.9.5.jar;c:\Java\LocalRepo\org\objenesis\objenesis\2.6\objenesis-2.6.jar;c:\Java\LocalRepo\org\hamcrest\hamcrest-core\1.3\hamcrest-core-1.3.jar;c:\Java\LocalRepo\org\hamcrest\hamcrest-library\1.3\hamcrest-library-1.3.jar;c:\Java\LocalRepo\org\skyscreamer\jsonassert\1.5.0\jsonassert-1.5.0.jar;c:\Java\LocalRepo\com\vaadin\external\google\android-json\0.0.20131108.vaadin1\android-json-0.0.20131108.vaadin1.jar;c:\Java\LocalRepo\org\springframework\spring-core\5.1.3.RELEASE\spring-core-5.1.3.RELEASE.jar;c:\Java\LocalRepo\org\springframework\spring-jcl\5.1.3.RELEASE\spring-jcl-5.1.3.RELEASE.jar;c:\Java\LocalRepo\org\springframework\spring-test\5.1.3.RELEASE\spring-test-5.1.3.RELEASE.jar;c:\Java\LocalRepo\org\xmlunit\xmlunit-core\2.6.2\xmlunit-core-2.6.2.jar;c:\Java\LocalRepo\org\telegram\telegrambots\4.1\telegrambots-4.1.jar;c:\Java\LocalRepo\org\telegram\telegrambots-meta\4.1\telegrambots-meta-4.1.jar;c:\Java\LocalRepo\com\google\inject\guice\4.1.0\guice-4.1.0.jar;c:\Java\LocalRepo\javax\inject\javax.inject\1\javax.inject-1.jar;c:\Java\LocalRepo\aopalliance\aopalliance\1.0\aopalliance-1.0.jar;c:\Java\LocalRepo\com\google\guava\guava\19.0\guava-19.0.jar;c:\Java\LocalRepo\com\fasterxml\jackson\core\jackson-annotations\2.9.0\jackson-annotations-2.9.0.jar;c:\Java\LocalRepo\com\fasterxml\jackson\jaxrs\jackson-jaxrs-json-provider\2.9.7\jackson-jaxrs-json-provider-2.9.7.jar;c:\Java\LocalRepo\com\fasterxml\jackson\jaxrs\jackson-jaxrs-base\2.9.7\jackson-jaxrs-base-2.9.7.jar;c:\Java\LocalRepo\com\fasterxml\jackson\core\jackson-databind\2.9.7\jackson-databind-2.9.7.jar;c:\Java\LocalRepo\com\fasterxml\jackson\core\jackson-core\2.9.7\jackson-core-2.9.7.jar;c:\Java\LocalRepo\org\glassfish\jersey\containers\jersey-container-grizzly2-http\2.27\jersey-container-grizzly2-http-2.27.jar;c:\Java\LocalRepo\org\glassfish\hk2\external\javax.inject\2.5.0-b42\javax.inject-2.5.0-b42.jar;c:\Java\LocalRepo\org\glassfish\grizzly\grizzly-http-server\2.4.0\grizzly-http-server-2.4.0.jar;c:\Java\LocalRepo\org\glassfish\grizzly\grizzly-http\2.4.0\grizzly-http-2.4.0.jar;c:\Java\LocalRepo\org\glassfish\grizzly\grizzly-framework\2.4.0\grizzly-framework-2.4.0.jar;c:\Java\LocalRepo\org\json\json\20160810\json-20160810.jar;c:\Java\LocalRepo\org\apache\httpcomponents\httpclient\4.5.6\httpclient-4.5.6.jar;c:\Java\LocalRepo\org\apache\httpcomponents\httpcore\4.4.10\httpcore-4.4.10.jar;c:\Java\LocalRepo\commons-codec\commons-codec\1.11\commons-codec-1.11.jar;c:\Java\LocalRepo\org\apache\httpcomponents\httpmime\4.5.6\httpmime-4.5.6.jar;c:\Java\LocalRepo\commons-io\commons-io\2.5\commons-io-2.5.jar;c:\Java\LocalRepo\com\google\code\gson\gson\2.8.5\gson-2.8.5.jar;"/>
    <property name="sun.cpu.endian" value="little"/>
    <property name="user.home" value="C:\Users\alexe"/>
    <property name="user.language" value="ru"/>
    <property name="java.specification.vendor" value="Oracle Corporation"/>
    <property name="java.home" value="C:\Program Files\Java\jdk1.8.0_171\jre"/>
    <property name="basedir" value="C:\Java\dev\projects\getjavajob\aliexpressbot"/>
    <property name="file.separator" value="\"/>
    <property name="line.separator" value="&#10;"/>
    <property name="java.vm.specification.vendor" value="Oracle Corporation"/>
    <property name="java.specification.name" value="Java Platform API Specification"/>
    <property name="java.awt.graphicsenv" value="sun.awt.Win32GraphicsEnvironment"/>
    <property name="surefire.real.class.path" value="C:\Users\alexe\AppData\Local\Temp\surefire4794992802928880108\surefirebooter2719141284845264320.jar"/>
    <property name="sun.boot.class.path" value="C:\Program Files\Java\jdk1.8.0_171\jre\lib\resources.jar;C:\Program Files\Java\jdk1.8.0_171\jre\lib\rt.jar;C:\Program Files\Java\jdk1.8.0_171\jre\lib\sunrsasign.jar;C:\Program Files\Java\jdk1.8.0_171\jre\lib\jsse.jar;C:\Program Files\Java\jdk1.8.0_171\jre\lib\jce.jar;C:\Program Files\Java\jdk1.8.0_171\jre\lib\charsets.jar;C:\Program Files\Java\jdk1.8.0_171\jre\lib\jfr.jar;C:\Program Files\Java\jdk1.8.0_171\jre\classes"/>
    <property name="user.script" value=""/>
    <property name="sun.management.compiler" value="HotSpot 64-Bit Tiered Compilers"/>
    <property name="java.runtime.version" value="1.8.0_171-b11"/>
    <property name="user.name" value="Alexey"/>
    <property name="path.separator" value=";"/>
    <property name="os.version" value="10.0"/>
    <property name="java.endorsed.dirs" value="C:\Program Files\Java\jdk1.8.0_171\jre\lib\endorsed"/>
    <property name="java.runtime.name" value="Java(TM) SE Runtime Environment"/>
    <property name="file.encoding" value="Cp1251"/>
    <property name="java.vm.name" value="Java HotSpot(TM) 64-Bit Server VM"/>
    <property name="localRepository" value="c:\Java\LocalRepo"/>
    <property name="java.vendor.url.bug" value="http://bugreport.sun.com/bugreport/"/>
    <property name="java.io.tmpdir" value="C:\Users\alexe\AppData\Local\Temp\"/>
    <property name="idea.version" value="2018.1.4"/>
    <property name="java.version" value="1.8.0_171"/>
    <property name="user.dir" value="C:\Java\dev\projects\getjavajob\aliexpressbot"/>
    <property name="os.arch" value="amd64"/>
    <property name="java.vm.specification.name" value="Java Virtual Machine Specification"/>
    <property name="java.awt.printerjob" value="sun.awt.windows.WPrinterJob"/>
    <property name="sun.os.patch.level" value=""/>
    <property name="java.library.path" value="C:\Program Files\Java\jdk1.8.0_171\jre\bin;C:\Windows\Sun\Java\bin;C:\Windows\system32;C:\Windows;C:\Program Files (x86)\Common Files\Intel\Shared Libraries\redist\intel64\compiler;C:\Program Files (x86)\Common Files\Oracle\Java\javapath;C:\Windows\system32;C:\Windows;C:\Windows\System32\Wbem;C:\Windows\System32\WindowsPowerShell\v1.0\;C:\Windows\System32\OpenSSH\;C:\Program Files (x86)\NVIDIA Corporation\PhysX\Common;C:\Program Files\Git\cmd;c:\Java\Web\sonarqube\sonar-scanner-3.0.3.778-windows\bin\;%M2%;C:\Users\alexe\AppData\Local\Microsoft\WindowsApps;C:\Program Files\heroku\bin;c:\Java\Web\sonarqube\sonar-scanner-3.0.3.778-windows\bin\;C:\Java\Soft\Maven\apache-maven-3.5.3\bin;;."/>
    <property name="java.vm.info" value="mixed mode"/>
    <property name="java.vendor" value="Oracle Corporation"/>
    <property name="java.vm.version" value="25.171-b11"/>
    <property name="java.ext.dirs" value="C:\Program Files\Java\jdk1.8.0_171\jre\lib\ext;C:\Windows\Sun\Java\lib\ext"/>
    <property name="sun.io.unicode.encoding" value="UnicodeLittle"/>
    <property name="java.class.version" value="52.0"/>
  </properties>
  <testcase name="contextLoads" classname="com.ershov.telegram.aliexpressbot.AliexpressbotApplicationTests" time="0.696"/>
</testsuite>